<?xml version="1.0" encoding="UTF-8"?>
<testng-results ignored="0" total="9" passed="8" failed="1" skipped="0">
  <reporter-output>
  </reporter-output>
  <suite started-at="2024-10-30T22:10:08 IST" name="Default suite" finished-at="2024-10-30T22:13:00 IST" duration-ms="172086">
    <groups>
    </groups>
    <test started-at="2024-10-30T22:10:08 IST" name="Default test" finished-at="2024-10-30T22:13:00 IST" duration-ms="172086">
      <class name="base.BooksStore">
        <test-method is-config="true" signature="setup()[pri:0, instance:base.BooksStore@303cf2ba]" started-at="2024-10-30T22:10:08 IST" name="setup" finished-at="2024-10-30T22:10:14 IST" duration-ms="6871" status="PASS">
          <reporter-output>
          </reporter-output>
        </test-method> <!-- setup -->
        <test-method is-config="true" signature="urlloading()[pri:0, instance:base.BooksStore@303cf2ba]" started-at="2024-10-30T22:10:14 IST" name="urlloading" finished-at="2024-10-30T22:10:38 IST" duration-ms="23954" status="PASS">
          <reporter-output>
          </reporter-output>
        </test-method> <!-- urlloading -->
        <test-method signature="signup()[pri:1, instance:base.BooksStore@303cf2ba]" started-at="2024-10-30T22:10:38 IST" name="signup" finished-at="2024-10-30T22:10:46 IST" duration-ms="7907" status="FAIL">
          <exception class="org.openqa.selenium.ElementNotInteractableException">
            <message>
              <![CDATA[element not interactable
  (Session info: chrome=130.0.6723.70)
Build info: version: '4.22.0', revision: 'c5f3146703*'
System info: os.name: 'Windows 10', os.arch: 'amd64', os.version: '10.0', java.version: '22.0.1'
Driver info: org.openqa.selenium.chrome.ChromeDriver
Command: [aa18595982deccd88e0e0fe98bfc40c3, sendKeysToElement {id=f.C2A552EA9E82011C50A5309D29E0E470.d.495F08899004A8C0FC4610F0929FA364.e.119, value=[Ljava.lang.CharSequence;@35e52059}]
Capabilities {acceptInsecureCerts: false, browserName: chrome, browserVersion: 130.0.6723.70, chrome: {chromedriverVersion: 130.0.6723.91 (53ac07678369..., userDataDir: C:\Users\lenovo\AppData\Loc...}, fedcm:accounts: true, goog:chromeOptions: {debuggerAddress: localhost:50385}, networkConnectionEnabled: false, pageLoadStrategy: normal, platformName: windows, proxy: Proxy(), se:cdp: ws://localhost:50385/devtoo..., se:cdpVersion: 130.0.6723.70, setWindowRect: true, strictFileInteractability: false, timeouts: {implicit: 0, pageLoad: 300000, script: 30000}, unhandledPromptBehavior: dismiss and notify, webauthn:extension:credBlob: true, webauthn:extension:largeBlob: true, webauthn:extension:minPinLength: true, webauthn:extension:prf: true, webauthn:virtualAuthenticators: true}
Element: [[ChromeDriver: chrome on windows (aa18595982deccd88e0e0fe98bfc40c3)] -> xpath: //*[@id="re-password"]]
Session ID: aa18595982deccd88e0e0fe98bfc40c3]]>
            </message>
            <full-stacktrace>
              <![CDATA[org.openqa.selenium.ElementNotInteractableException: element not interactable
  (Session info: chrome=130.0.6723.70)
Build info: version: '4.22.0', revision: 'c5f3146703*'
System info: os.name: 'Windows 10', os.arch: 'amd64', os.version: '10.0', java.version: '22.0.1'
Driver info: org.openqa.selenium.chrome.ChromeDriver
Command: [aa18595982deccd88e0e0fe98bfc40c3, sendKeysToElement {id=f.C2A552EA9E82011C50A5309D29E0E470.d.495F08899004A8C0FC4610F0929FA364.e.119, value=[Ljava.lang.CharSequence;@35e52059}]
Capabilities {acceptInsecureCerts: false, browserName: chrome, browserVersion: 130.0.6723.70, chrome: {chromedriverVersion: 130.0.6723.91 (53ac07678369..., userDataDir: C:\Users\lenovo\AppData\Loc...}, fedcm:accounts: true, goog:chromeOptions: {debuggerAddress: localhost:50385}, networkConnectionEnabled: false, pageLoadStrategy: normal, platformName: windows, proxy: Proxy(), se:cdp: ws://localhost:50385/devtoo..., se:cdpVersion: 130.0.6723.70, setWindowRect: true, strictFileInteractability: false, timeouts: {implicit: 0, pageLoad: 300000, script: 30000}, unhandledPromptBehavior: dismiss and notify, webauthn:extension:credBlob: true, webauthn:extension:largeBlob: true, webauthn:extension:minPinLength: true, webauthn:extension:prf: true, webauthn:virtualAuthenticators: true}
Element: [[ChromeDriver: chrome on windows (aa18595982deccd88e0e0fe98bfc40c3)] -> xpath: //*[@id="re-password"]]
Session ID: aa18595982deccd88e0e0fe98bfc40c3
at java.base/jdk.internal.reflect.DirectConstructorHandleAccessor.newInstance(DirectConstructorHandleAccessor.java:62)
at java.base/java.lang.reflect.Constructor.newInstanceWithCaller(Constructor.java:502)
at java.base/java.lang.reflect.Constructor.newInstance(Constructor.java:486)
at org.openqa.selenium.remote.ErrorCodec.decode(ErrorCodec.java:167)
at org.openqa.selenium.remote.codec.w3c.W3CHttpResponseCodec.decode(W3CHttpResponseCodec.java:138)
at org.openqa.selenium.remote.codec.w3c.W3CHttpResponseCodec.decode(W3CHttpResponseCodec.java:50)
at org.openqa.selenium.remote.HttpCommandExecutor.execute(HttpCommandExecutor.java:190)
at org.openqa.selenium.remote.service.DriverCommandExecutor.invokeExecute(DriverCommandExecutor.java:216)
at org.openqa.selenium.remote.service.DriverCommandExecutor.execute(DriverCommandExecutor.java:174)
at org.openqa.selenium.remote.RemoteWebDriver.execute(RemoteWebDriver.java:518)
at org.openqa.selenium.remote.RemoteWebElement.execute(RemoteWebElement.java:223)
at org.openqa.selenium.remote.RemoteWebElement.sendKeys(RemoteWebElement.java:110)
at base.BooksStore.signup(BooksStore.java:45)
at java.base/jdk.internal.reflect.DirectMethodHandleAccessor.invoke(DirectMethodHandleAccessor.java:103)
at java.base/java.lang.reflect.Method.invoke(Method.java:580)
at org.testng.internal.invokers.MethodInvocationHelper.invokeMethod(MethodInvocationHelper.java:141)
at org.testng.internal.invokers.TestInvoker.invokeMethod(TestInvoker.java:686)
at org.testng.internal.invokers.TestInvoker.invokeTestMethod(TestInvoker.java:230)
at org.testng.internal.invokers.MethodRunner.runInSequence(MethodRunner.java:63)
at org.testng.internal.invokers.TestInvoker$MethodInvocationAgent.invoke(TestInvoker.java:992)
at org.testng.internal.invokers.TestInvoker.invokeTestMethods(TestInvoker.java:203)
at org.testng.internal.invokers.TestMethodWorker.invokeTestMethods(TestMethodWorker.java:154)
at org.testng.internal.invokers.TestMethodWorker.run(TestMethodWorker.java:134)
at java.base/java.util.ArrayList.forEach(ArrayList.java:1597)
at org.testng.TestRunner.privateRun(TestRunner.java:739)
at org.testng.TestRunner.run(TestRunner.java:614)
at org.testng.SuiteRunner.runTest(SuiteRunner.java:421)
at org.testng.SuiteRunner.runSequentially(SuiteRunner.java:413)
at org.testng.SuiteRunner.privateRun(SuiteRunner.java:373)
at org.testng.SuiteRunner.run(SuiteRunner.java:312)
at org.testng.SuiteRunnerWorker.runSuite(SuiteRunnerWorker.java:52)
at org.testng.SuiteRunnerWorker.run(SuiteRunnerWorker.java:95)
at org.testng.TestNG.runSuitesSequentially(TestNG.java:1274)
at org.testng.TestNG.runSuitesLocally(TestNG.java:1208)
at org.testng.TestNG.runSuites(TestNG.java:1112)
at org.testng.TestNG.run(TestNG.java:1079)
at org.testng.remote.AbstractRemoteTestNG.run(AbstractRemoteTestNG.java:115)
at org.testng.remote.RemoteTestNG.initAndRun(RemoteTestNG.java:293)
at org.testng.remote.RemoteTestNG.main(RemoteTestNG.java:91)
]]>
            </full-stacktrace>
          </exception> <!-- org.openqa.selenium.ElementNotInteractableException -->
          <reporter-output>
          </reporter-output>
        </test-method> <!-- signup -->
        <test-method is-config="true" signature="urlloading()[pri:0, instance:base.BooksStore@303cf2ba]" started-at="2024-10-30T22:10:46 IST" name="urlloading" finished-at="2024-10-30T22:10:52 IST" duration-ms="5515" status="PASS">
          <reporter-output>
          </reporter-output>
        </test-method> <!-- urlloading -->
        <test-method signature="login()[pri:2, instance:base.BooksStore@303cf2ba]" started-at="2024-10-30T22:10:52 IST" name="login" finished-at="2024-10-30T22:11:00 IST" duration-ms="8030" status="PASS">
          <reporter-output>
          </reporter-output>
        </test-method> <!-- login -->
        <test-method is-config="true" signature="urlloading()[pri:0, instance:base.BooksStore@303cf2ba]" started-at="2024-10-30T22:11:00 IST" name="urlloading" finished-at="2024-10-30T22:11:04 IST" duration-ms="3579" status="PASS">
          <reporter-output>
          </reporter-output>
        </test-method> <!-- urlloading -->
        <test-method signature="windowhandling2()[pri:3, instance:base.BooksStore@303cf2ba]" started-at="2024-10-30T22:11:04 IST" name="windowhandling2" finished-at="2024-10-30T22:11:22 IST" duration-ms="18633" status="PASS">
          <reporter-output>
          </reporter-output>
        </test-method> <!-- windowhandling2 -->
        <test-method is-config="true" signature="urlloading()[pri:0, instance:base.BooksStore@303cf2ba]" started-at="2024-10-30T22:11:22 IST" name="urlloading" finished-at="2024-10-30T22:11:26 IST" duration-ms="4059" status="PASS">
          <reporter-output>
          </reporter-output>
        </test-method> <!-- urlloading -->
        <test-method signature="top100books()[pri:4, instance:base.BooksStore@303cf2ba]" started-at="2024-10-30T22:11:26 IST" name="top100books" finished-at="2024-10-30T22:11:53 IST" duration-ms="27052" status="PASS">
          <reporter-output>
          </reporter-output>
        </test-method> <!-- top100books -->
        <test-method is-config="true" signature="urlloading()[pri:0, instance:base.BooksStore@303cf2ba]" started-at="2024-10-30T22:11:53 IST" name="urlloading" finished-at="2024-10-30T22:11:59 IST" duration-ms="6158" status="PASS">
          <reporter-output>
          </reporter-output>
        </test-method> <!-- urlloading -->
        <test-method signature="windowhandling()[pri:4, instance:base.BooksStore@303cf2ba]" started-at="2024-10-30T22:11:59 IST" name="windowhandling" finished-at="2024-10-30T22:12:20 IST" duration-ms="20931" status="PASS">
          <reporter-output>
          </reporter-output>
        </test-method> <!-- windowhandling -->
        <test-method is-config="true" signature="urlloading()[pri:0, instance:base.BooksStore@303cf2ba]" started-at="2024-10-30T22:12:20 IST" name="urlloading" finished-at="2024-10-30T22:12:28 IST" duration-ms="7363" status="PASS">
          <reporter-output>
          </reporter-output>
        </test-method> <!-- urlloading -->
        <test-method signature="showcart()[pri:6, instance:base.BooksStore@303cf2ba]" started-at="2024-10-30T22:12:28 IST" name="showcart" finished-at="2024-10-30T22:12:34 IST" duration-ms="6178" status="PASS">
          <reporter-output>
          </reporter-output>
        </test-method> <!-- showcart -->
        <test-method is-config="true" signature="urlloading()[pri:0, instance:base.BooksStore@303cf2ba]" started-at="2024-10-30T22:12:34 IST" name="urlloading" finished-at="2024-10-30T22:12:39 IST" duration-ms="4749" status="PASS">
          <reporter-output>
          </reporter-output>
        </test-method> <!-- urlloading -->
        <test-method signature="screenshoteachelement()[pri:7, instance:base.BooksStore@303cf2ba]" started-at="2024-10-30T22:12:39 IST" name="screenshoteachelement" finished-at="2024-10-30T22:12:39 IST" duration-ms="312" status="PASS">
          <reporter-output>
          </reporter-output>
        </test-method> <!-- screenshoteachelement -->
        <test-method is-config="true" signature="urlloading()[pri:0, instance:base.BooksStore@303cf2ba]" started-at="2024-10-30T22:12:39 IST" name="urlloading" finished-at="2024-10-30T22:12:44 IST" duration-ms="4683" status="PASS">
          <reporter-output>
          </reporter-output>
        </test-method> <!-- urlloading -->
        <test-method signature="screenshotwholepage()[pri:8, instance:base.BooksStore@303cf2ba]" started-at="2024-10-30T22:12:44 IST" name="screenshotwholepage" finished-at="2024-10-30T22:12:44 IST" duration-ms="491" status="PASS">
          <reporter-output>
          </reporter-output>
        </test-method> <!-- screenshotwholepage -->
        <test-method is-config="true" signature="urlloading()[pri:0, instance:base.BooksStore@303cf2ba]" started-at="2024-10-30T22:12:44 IST" name="urlloading" finished-at="2024-10-30T22:12:58 IST" duration-ms="13876" status="PASS">
          <reporter-output>
          </reporter-output>
        </test-method> <!-- urlloading -->
        <test-method signature="checkurl()[pri:9, instance:base.BooksStore@303cf2ba]" started-at="2024-10-30T22:12:58 IST" name="checkurl" finished-at="2024-10-30T22:13:00 IST" duration-ms="1435" status="PASS">
          <reporter-output>
          </reporter-output>
        </test-method> <!-- checkurl -->
      </class> <!-- base.BooksStore -->
    </test> <!-- Default test -->
  </suite> <!-- Default suite -->
</testng-results>
